<?xml version="1.0" encoding="UTF-8"?>
<!-- Generated by org.testng.reporters.JUnitReportReporter -->
<testsuite hostname="DESKTOP-26A9125" failures="0" tests="4" name="domaci_zadatak_20_09_2022_TESTS.AutomationPracticeTests" time="93.184" errors="0" timestamp="2022-09-24T18:11:21 CEST" skipped="0">
  <testcase classname="domaci_zadatak_20_09_2022_TESTS.AutomationPracticeTests" name="addingProductToTheCart" time="46.524"/>
  <system-out/>
  <testcase classname="domaci_zadatak_20_09_2022_TESTS.AutomationPracticeTests" name="topMenuMouseOver" time="13.412"/>
  <system-out/>
  <testcase classname="domaci_zadatak_20_09_2022_TESTS.AutomationPracticeTests" name="phoneNumberVisibilityCheckOnResize" time="11.530"/>
  <system-out/>
  <testcase classname="domaci_zadatak_20_09_2022_TESTS.AutomationPracticeTests" name="headerLinksCheck" time="21.718"/>
  <system-out/>
</testsuite> <!-- domaci_zadatak_20_09_2022_TESTS.AutomationPracticeTests -->
