<?xml version="1.0" encoding="UTF-8"?>
<!-- Generated by org.testng.reporters.JUnitReportReporter -->
<testsuite hostname="DESKTOP-26A9125" failures="0" tests="1" name="p20_09_2022.KatalonShopTests" time="4.667" errors="0" timestamp="2022-09-24T18:38:25 CEST" skipped="0">
  <testcase classname="p20_09_2022.KatalonShopTests" name="verifySuccessfulLogin" time="4.667"/>
  <system-out/>
</testsuite> <!-- p20_09_2022.KatalonShopTests -->
