<?xml version="1.0" encoding="UTF-8"?>
<!-- Generated by org.testng.reporters.JUnitReportReporter -->
<testsuite hostname="DESKTOP-26A9125" failures="0" tests="3" name="p20_09_2022.KatalonShopTests" time="8.065" errors="0" timestamp="2022-09-20T21:52:55 CEST" skipped="0">
  <testcase classname="p20_09_2022.KatalonShopTests" name="verifyErrorIsDisplayedWhenUsernameIsMissing" time="4.025"/>
  <system-out/>
  <testcase classname="p20_09_2022.KatalonShopTests" name="verifyErrorIsDisplayedWhenPasswordIsMissing" time="1.982"/>
  <system-out/>
  <testcase classname="p20_09_2022.KatalonShopTests" name="verifyErrorIsDisplayedWhenPasswordIsWrong" time="2.058"/>
  <system-out/>
</testsuite> <!-- p20_09_2022.KatalonShopTests -->
